<?xml version="1.0" encoding="UTF-8"?>
<!-- Generated by org.testng.reporters.JUnitReportReporter -->
<testsuite skipped="0" hostname="DESKTOP-QLG16RH" name="com.qa.testcases.SearchPageTest" tests="1" failures="0" timestamp="30 Jan 2019 09:48:23 GMT" time="14.454" errors="0">
  <testcase name="searchText" time="14.454" classname="com.qa.testcases.SearchPageTest"/>
</testsuite> <!-- com.qa.testcases.SearchPageTest -->
